<?xml version="1.0" encoding="UTF-8"?>
<testng-results skipped="0" failed="0" ignored="0" total="1" passed="1">
  <reporter-output>
  </reporter-output>
  <suite name="Default suite" duration-ms="11994" started-at="2018-12-01T19:31:37Z" finished-at="2018-12-01T19:31:49Z">
    <groups>
    </groups>
    <test name="Default test" duration-ms="11994" started-at="2018-12-01T19:31:37Z" finished-at="2018-12-01T19:31:49Z">
      <class name="ScreenShotUtility.MukeshScreenClass">
        <test-method status="PASS" signature="captureScreenshot()[pri:0, instance:ScreenShotUtility.MukeshScreenClass@11438d26]" name="captureScreenshot" duration-ms="11955" started-at="2018-12-01T19:31:37Z" finished-at="2018-12-01T19:31:49Z">
          <reporter-output>
          </reporter-output>
        </test-method> <!-- captureScreenshot -->
      </class> <!-- ScreenShotUtility.MukeshScreenClass -->
    </test> <!-- Default test -->
  </suite> <!-- Default suite -->
</testng-results>
